<?xml version="1.0" encoding="UTF-8"?>
<!-- Generated by org.testng.reporters.JUnitReportReporter -->
<testsuite hostname="RajkumarLappy" failures="0" tests="3" name="tests.Checkeligibilityin15sscreentest" time="20.908" errors="0" timestamp="2025-08-10T00:57:10 IST" skipped="1">
  <testcase classname="tests.Checkeligibilityin15sscreentest" name="Contactuspage" time="18.373"/>
  <system-out/>
  <testcase classname="tests.Checkeligibilityin15sscreentest" name="Testwithvaliddetails" time="2.535"/>
  <system-out/>
  <testcase classname="tests.Checkeligibilityin15sscreentest" name="Testwithinvaliddata">
    <skipped/>
  </testcase> <!-- Testwithinvaliddata -->
  <system-out/>
</testsuite> <!-- tests.Checkeligibilityin15sscreentest -->
