<?xml version="1.0" encoding="UTF-8"?>
<!-- Generated by org.testng.reporters.JUnitReportReporter -->
<testsuite hostname="RajkumarLappy" failures="0" tests="1" name="tests.Contactuspage" time="20.750" errors="0" timestamp="2025-08-09T19:55:20 IST" skipped="0">
  <testcase classname="tests.Contactuspage" name="contactustest" time="20.750"/>
  <system-out/>
</testsuite> <!-- tests.Contactuspage -->
