<?xml version="1.0" encoding="UTF-8"?>
<!-- Generated by org.testng.reporters.JUnitReportReporter -->
<testsuite hostname="RajkumarLappy" failures="0" tests="1" name="tests.Contactuspagetest" time="1.747" errors="0" timestamp="2025-08-10T00:57:10 IST" skipped="0">
  <testcase classname="tests.Contactuspagetest" name="contactustest" time="1.747"/>
  <system-out/>
</testsuite> <!-- tests.Contactuspagetest -->
